{
  "Cucumber Features": {
    "coverage": {
      "/Users/Apprentice/Desktop/potluck/app/controllers/application_controller.rb": [
        1,
        1,
        null
      ],
      "/Users/Apprentice/Desktop/potluck/app/helpers/application_helper.rb": [
        1,
        null
      ],
      "/Users/Apprentice/Desktop/potluck/app/helpers/sessions_helper.rb": [
        1,
        null
      ],
      "/Users/Apprentice/Desktop/potluck/app/controllers/events_controller.rb": [
        1,
        null,
        1,
        7,
        7,
        7,
        null,
        null,
        1,
        7,
        7,
        7,
        7,
        null,
        null,
        1,
        3,
        3,
        3,
        3,
        3,
        3,
        null,
        0,
        null,
        null,
        null,
        1,
        1,
        1,
        1,
        1,
        1,
        null,
        null
      ],
      "/Users/Apprentice/Desktop/potluck/app/models/event.rb": [
        1,
        1,
        null,
        1,
        1,
        1,
        null
      ],
      "/Users/Apprentice/Desktop/potluck/app/controllers/guests_controller.rb": [
        1,
        1,
        null,
        null,
        1,
        null,
        null,
        null
      ],
      "/Users/Apprentice/Desktop/potluck/app/models/guest.rb": [
        1,
        1,
        null,
        1,
        null,
        null
      ],
      "/Users/Apprentice/Desktop/potluck/app/controllers/hosts_controller.rb": [
        1,
        null,
        1,
        4,
        4,
        2,
        null,
        null,
        null,
        1,
        0,
        0,
        0,
        null,
        0,
        null,
        null,
        null,
        null,
        1,
        null,
        null,
        null,
        null
      ],
      "/Users/Apprentice/Desktop/potluck/app/models/host.rb": [
        1,
        1,
        null,
        1,
        1,
        1,
        1,
        1,
        1,
        null
      ],
      "/Users/Apprentice/Desktop/potluck/app/controllers/items_controller.rb": [
        1,
        null,
        1,
        1,
        1,
        1,
        1,
        1,
        null,
        0,
        null,
        null,
        null,
        1,
        2,
        2,
        2,
        2,
        2,
        1,
        null,
        2,
        null,
        null,
        1,
        null,
        null,
        null,
        null,
        null
      ],
      "/Users/Apprentice/Desktop/potluck/app/models/item.rb": [
        1,
        null,
        1,
        1,
        null
      ],
      "/Users/Apprentice/Desktop/potluck/app/controllers/sessions_controller.rb": [
        1,
        null,
        1,
        null,
        null,
        1,
        2,
        2,
        2,
        2,
        null,
        0,
        0,
        null,
        null,
        null,
        1,
        0,
        0,
        null,
        null,
        null
      ]
    },
    "timestamp": 1386013972
  },
  "RSpec": {
    "coverage": {
      "/Users/Apprentice/Desktop/potluck/app/controllers/application_controller.rb": [
        1,
        1,
        null
      ],
      "/Users/Apprentice/Desktop/potluck/app/helpers/application_helper.rb": [
        1,
        null
      ],
      "/Users/Apprentice/Desktop/potluck/app/helpers/sessions_helper.rb": [
        1,
        null
      ],
      "/Users/Apprentice/Desktop/potluck/app/controllers/events_controller.rb": [
        1,
        null,
        1,
        9,
        9,
        9,
        null,
        null,
        1,
        7,
        7,
        7,
        7,
        null,
        null,
        1,
        3,
        3,
        3,
        3,
        3,
        3,
        null,
        0,
        null,
        null,
        null,
        1,
        1,
        1,
        1,
        1,
        1,
        null,
        null
      ],
      "/Users/Apprentice/Desktop/potluck/app/models/event.rb": [
        1,
        1,
        null,
        1,
        1,
        1,
        null
      ],
      "/Users/Apprentice/Desktop/potluck/app/controllers/guests_controller.rb": [
        1,
        1,
        null,
        null,
        1,
        null,
        null,
        null
      ],
      "/Users/Apprentice/Desktop/potluck/app/models/guest.rb": [
        1,
        1,
        null,
        1,
        null,
        null
      ],
      "/Users/Apprentice/Desktop/potluck/app/controllers/hosts_controller.rb": [
        1,
        null,
        1,
        13,
        13,
        4,
        null,
        null,
        null,
        1,
        1,
        1,
        1,
        null,
        0,
        null,
        null,
        null,
        null,
        1,
        null,
        null,
        null,
        null
      ],
      "/Users/Apprentice/Desktop/potluck/app/models/host.rb": [
        1,
        1,
        null,
        1,
        1,
        1,
        1,
        1,
        1,
        null
      ],
      "/Users/Apprentice/Desktop/potluck/app/controllers/items_controller.rb": [
        1,
        null,
        1,
        1,
        1,
        1,
        1,
        1,
        null,
        0,
        null,
        null,
        null,
        1,
        2,
        2,
        2,
        2,
        2,
        1,
        null,
        2,
        null,
        null,
        1,
        null,
        null,
        null,
        null,
        null
      ],
      "/Users/Apprentice/Desktop/potluck/app/models/item.rb": [
        1,
        null,
        1,
        1,
        null
      ],
      "/Users/Apprentice/Desktop/potluck/app/controllers/sessions_controller.rb": [
        1,
        null,
        1,
        null,
        null,
        1,
        5,
        5,
        4,
        4,
        null,
        1,
        1,
        null,
        null,
        null,
        1,
        1,
        1,
        null,
        null,
        null
      ]
    },
    "timestamp": 1386014031
  }
}
